2026-06-12 11:29:10,672  [INFO]  ============================================================
2026-06-12 11:29:10,672  [INFO]    Vaulterup AI Property Intelligence System
2026-06-12 11:29:10,672  [INFO]    Stage 1 - PDF Ingestion Pipeline
2026-06-12 11:29:10,673  [INFO]    Watching : C:\Users\YashuLanki\Vaulterup\data\watched_folder
2026-06-12 11:29:10,673  [INFO]    Database : C:\Users\YashuLanki\Vaulterup\data\chroma_db
2026-06-12 11:29:10,674  [INFO]    OCR      : Tesseract (auto-activated for scanned PDFs)
2026-06-12 11:29:10,674  [INFO]  ============================================================
2026-06-12 11:29:10,674  [INFO]  Found 2 existing PDF(s) — ingesting now...
2026-06-12 11:29:10,675  [INFO]  [INGEST] 110408 Magic Ranch 50 - 2005 Survey.pdf
2026-06-12 11:29:10,681  [INFO]    Extracting text...
2026-06-12 11:29:10,690  [INFO]    No text layer found — running OCR (this may take a moment)...
2026-06-12 11:29:18,139  [INFO]    OCR processing page 1/3...
2026-06-12 11:29:35,428  [INFO]    OCR processing page 2/3...
2026-06-12 11:29:47,719  [INFO]    OCR processing page 3/3...
2026-06-12 11:29:59,169  [INFO]    Extracted 14,868 characters via OCR from 3 pages
2026-06-12 11:29:59,170  [INFO]    Split into 26 chunks
2026-06-12 11:30:00,588  [INFO]    Stored 26 chunks in ChromaDB
2026-06-12 11:30:00,588  [INFO]    Moved to processed/
2026-06-12 11:30:00,590  [INFO]    [DONE] 110408 Magic Ranch 50 - 2005 Survey.pdf (26 chunks, method=OCR)

2026-06-12 11:30:00,590  [INFO]  [INGEST] 110526 2011 Magic Ranch 50 ALTA.pdf
2026-06-12 11:30:00,600  [INFO]    Extracting text...
2026-06-12 11:30:00,610  [INFO]    No text layer found — running OCR (this may take a moment)...
2026-06-12 11:30:09,150  [INFO]    OCR processing page 1/3...
2026-06-12 11:30:28,172  [INFO]    OCR processing page 2/3...
2026-06-12 11:30:41,839  [INFO]    OCR processing page 3/3...
2026-06-12 11:31:05,653  [INFO]    Extracted 20,355 characters via OCR from 3 pages
2026-06-12 11:31:05,654  [INFO]    Split into 36 chunks
2026-06-12 11:31:06,087  [INFO]    Stored 36 chunks in ChromaDB
2026-06-12 11:31:06,088  [INFO]    Moved to processed/
2026-06-12 11:31:06,090  [INFO]    [DONE] 110526 2011 Magic Ranch 50 ALTA.pdf (36 chunks, method=OCR)

2026-06-12 11:31:06,091  [INFO]  [ACTIVE] Watcher running — drop PDFs into data/watched_folder to ingest them

